<?xml version="1.0" encoding="UTF-8"?>
<!-- Generated by org.testng.reporters.JUnitXMLReporter -->
<testsuite hostname="tpo-coka-wks0321" ignored="0" name="Test" tests="4" failures="0" timestamp="20 Jun 2019 08:30:44 GMT" time="10.738" errors="0">
  <testcase name="LoginToBugzilla" time="2.314" classname="TestPackage.PocTest"/>
  <testcase name="CreatingBug" time="3.232" classname="TestPackage.PocTest"/>
  <testcase name="TakingScreenShot" time="0.285" classname="TestPackage.PocTest"/>
  <testcase name="SendingEmail" time="2.229" classname="TestPackage.PocTest"/>
</testsuite> <!-- Test -->
