<?xml version="1.0" encoding="UTF-8"?>
<!-- Generated by org.testng.reporters.JUnitXMLReporter -->
<testsuite hostname="tpo-coka-wks0321" ignored="0" name="Default test" tests="4" failures="0" timestamp="26 Jun 2019 10:08:10 GMT" time="11.269" errors="0">
  <testcase name="Login" time="1.924" classname="TestPackage.TestNgClass"/>
  <testcase name="CreatNewBug" time="3.244" classname="TestPackage.TestNgClass"/>
  <testcase name="ScreenShot" time="0.275" classname="TestPackage.TestNgClass"/>
  <testcase name="Email" time="3.107" classname="TestPackage.TestNgClass"/>
</testsuite> <!-- Default test -->
